2025-10-14 15:48:04 - root - INFO - Logging initialized - Level: INFO
2025-10-14 15:48:04 - root - INFO - Log file: logs\snp_processor.log
2025-10-14 15:48:04 - __main__ - INFO - Starting SNP Data Processor v1.0.0
2025-10-14 15:48:04 - __main__ - INFO - Main window created successfully
2025-10-14 15:48:04 - __main__ - INFO - Application started successfully
2025-10-14 15:48:53 - __main__ - INFO - Import files requested
2025-10-14 15:48:58 - __main__ - INFO - Save project requested
2025-10-14 15:49:03 - __main__ - INFO - Load project requested
2025-10-14 15:49:07 - __main__ - INFO - Statistics requested
2025-10-14 15:49:10 - __main__ - INFO - PCA analysis requested
2025-10-14 15:49:15 - __main__ - INFO - Clustering analysis requested
2025-10-14 15:49:21 - __main__ - INFO - Scatter plot requested
2025-10-14 15:49:33 - __main__ - INFO - Application closing
2025-10-14 16:32:39 - root - INFO - Logging initialized - Level: INFO
2025-10-14 16:32:39 - root - INFO - Log file: logs\snp_processor.log
2025-10-14 16:32:39 - __main__ - INFO - Starting SNP Data Processor v1.0.0
2025-10-14 16:32:40 - __main__ - INFO - Main window created successfully
2025-10-14 16:32:40 - __main__ - INFO - Application started successfully
2025-10-14 16:32:47 - data.s1p_loader - INFO - Loading S1P file: C:\Users\gents\1.University\Laboratory\research\programs\data-processing-app\data-processing-app\data\20251014-1.s1p
2025-10-14 16:32:47 - data.s1p_loader - INFO - Successfully loaded S1P file with 201 data points
2025-10-14 16:32:47 - __main__ - INFO - Loaded S1P file: 20251014-1.s1p
2025-10-14 16:32:49 - __main__ - INFO - Import completed: 1/1 files loaded
2025-10-14 16:32:50 - __main__ - INFO - File selected: 20251014-1.s1p (S1P)
2025-10-14 16:32:55 - visualization.s1p_plots - INFO - Created S11 magnitude plot
2025-10-14 16:32:55 - visualization.s1p_plots - INFO - Plot embedded in Tkinter frame
2025-10-14 16:32:55 - __main__ - INFO - Created S1P magnitude plot for 20251014-1.s1p
2025-10-14 16:44:32 - root - INFO - Logging initialized - Level: INFO
2025-10-14 16:44:32 - root - INFO - Log file: logs\snp_processor.log
2025-10-14 16:44:32 - __main__ - INFO - Starting SNP Data Processor v1.0.0
2025-10-14 16:44:32 - __main__ - INFO - Main window created successfully
2025-10-14 16:44:32 - __main__ - INFO - Application started successfully
2025-10-14 16:44:39 - data.s1p_loader - INFO - Loading S1P file: C:\Users\gents\1.University\Laboratory\research\programs\data-processing-app\data-processing-app\data\20251014-1.s1p
2025-10-14 16:44:39 - data.s1p_loader - INFO - Successfully loaded S1P file with 201 data points
2025-10-14 16:44:39 - __main__ - INFO - Loaded S1P file: 20251014-1.s1p
2025-10-14 16:44:41 - __main__ - INFO - Import completed: 1/1 files loaded
2025-10-14 16:44:42 - __main__ - INFO - File selected: 20251014-1.s1p (S1P)
2025-10-14 16:44:46 - visualization.s1p_plots - INFO - Created S11 magnitude plot
2025-10-14 16:44:46 - visualization.s1p_plots - INFO - Plot embedded in Tkinter frame with custom toolbar
2025-10-14 16:44:46 - __main__ - INFO - Created S1P magnitude plot for 20251014-1.s1p
2025-10-14 16:45:28 - __main__ - INFO - Application closing
2025-10-14 16:46:41 - root - INFO - Logging initialized - Level: INFO
2025-10-14 16:46:41 - root - INFO - Log file: logs\snp_processor.log
2025-10-14 16:46:41 - __main__ - INFO - Starting SNP Data Processor v1.0.0
2025-10-14 16:46:41 - __main__ - INFO - Main window created successfully
2025-10-14 16:46:41 - __main__ - INFO - Application started successfully
2025-10-14 16:46:47 - data.s1p_loader - INFO - Loading S1P file: C:\Users\gents\1.University\Laboratory\research\programs\data-processing-app\data-processing-app\data\20251014-1.s1p
2025-10-14 16:46:47 - data.s1p_loader - INFO - Successfully loaded S1P file with 201 data points
2025-10-14 16:46:47 - __main__ - INFO - Loaded S1P file: 20251014-1.s1p
2025-10-14 16:46:48 - __main__ - INFO - Import completed: 1/1 files loaded
2025-10-14 16:46:50 - __main__ - INFO - File selected: 20251014-1.s1p (S1P)
2025-10-14 16:46:58 - visualization.s1p_plots - INFO - Created S11 magnitude plot
2025-10-14 16:46:58 - visualization.s1p_plots - INFO - Plot embedded in Tkinter frame
2025-10-14 16:46:58 - __main__ - INFO - Created S1P magnitude plot for 20251014-1.s1p
2025-10-14 17:58:51 - root - INFO - Logging initialized - Level: INFO
2025-10-14 17:58:51 - root - INFO - Log file: logs\snp_processor.log
2025-10-14 17:58:51 - __main__ - INFO - Starting SNP Data Processor v1.0.0
2025-10-14 17:58:52 - __main__ - INFO - Main window created successfully
2025-10-14 17:58:52 - __main__ - INFO - Application started successfully
2025-10-14 17:59:01 - data.s1p_loader - INFO - Loading S1P file: C:\Users\gents\1.University\Laboratory\research\programs\data-processing-app\data-processing-app\data\20251014-1.s1p
2025-10-14 17:59:01 - data.s1p_loader - INFO - Successfully loaded S1P file with 201 data points
2025-10-14 17:59:01 - __main__ - INFO - Loaded S1P file: 20251014-1.s1p
2025-10-14 17:59:03 - __main__ - INFO - Import completed: 1/1 files loaded
2025-10-14 17:59:04 - __main__ - INFO - File selected: 20251014-1.s1p (S1P)
2025-10-14 17:59:11 - visualization.s1p_plots - INFO - Created S11 magnitude plot
2025-10-14 17:59:11 - visualization.s1p_plots - INFO - Plot embedded in Tkinter frame
2025-10-14 17:59:11 - __main__ - INFO - Created S1P magnitude plot for 20251014-1.s1p
2025-10-14 17:59:18 - __main__ - INFO - File selected: 20251014-1.s1p (S1P)
2025-10-14 17:59:40 - __main__ - INFO - Application closing
2025-10-14 18:01:41 - root - INFO - Logging initialized - Level: INFO
2025-10-14 18:01:41 - root - INFO - Log file: logs\snp_processor.log
2025-10-14 18:01:41 - __main__ - INFO - Starting SNP Data Processor v1.0.0
2025-10-14 18:01:41 - __main__ - INFO - Main window created successfully
2025-10-14 18:01:41 - __main__ - INFO - Application started successfully
2025-10-14 18:01:53 - data.s1p_loader - INFO - Loading S1P file: C:\Users\gents\1.University\Laboratory\research\programs\data-processing-app\data-processing-app\data\20251014-1.s1p
2025-10-14 18:01:53 - data.s1p_loader - INFO - Successfully loaded S1P file with 201 data points
2025-10-14 18:01:53 - __main__ - INFO - Loaded S1P file: 20251014-1.s1p
2025-10-14 18:01:54 - __main__ - INFO - Import completed: 1/1 files loaded
2025-10-14 18:02:00 - visualization.s1p_plots - INFO - Created S11 magnitude plot
2025-10-14 18:02:00 - visualization.s1p_plots - INFO - Plot embedded in Tkinter frame
2025-10-14 18:02:00 - __main__ - INFO - Created S1P magnitude plot for 20251014-1.s1p
2025-10-14 18:07:08 - root - INFO - Logging initialized - Level: INFO
2025-10-14 18:07:08 - root - INFO - Log file: logs\snp_processor.log
2025-10-14 18:07:08 - __main__ - INFO - Starting SNP Data Processor v1.0.0
2025-10-14 18:07:08 - __main__ - INFO - Main window created successfully
2025-10-14 18:07:08 - __main__ - INFO - Application started successfully
2025-10-14 18:07:30 - data.s1p_loader - INFO - Loading S1P file: C:\Users\gents\1.University\Laboratory\research\programs\data-processing-app\data-processing-app\data\20251014-1.s1p
2025-10-14 18:07:30 - data.s1p_loader - INFO - Successfully loaded S1P file with 201 data points
2025-10-14 18:07:30 - __main__ - INFO - Loaded S1P file: 20251014-1.s1p
2025-10-14 18:07:31 - __main__ - INFO - Import completed: 1/1 files loaded
2025-10-14 18:07:41 - visualization.s1p_plots - INFO - Created S11 magnitude plot
2025-10-14 18:07:41 - visualization.s1p_plots - INFO - Plot embedded in Tkinter frame
2025-10-14 18:07:41 - __main__ - INFO - Created S1P magnitude plot for 20251014-1.s1p
2025-10-14 18:18:24 - visualization.s1p_plots - INFO - Created S11 polar/Smith chart plot
2025-10-14 18:18:24 - visualization.s1p_plots - INFO - Plot embedded in Tkinter frame
2025-10-14 18:18:24 - __main__ - INFO - Created S1P smith plot for 20251014-1.s1p
2025-10-14 18:18:58 - visualization.s1p_plots - INFO - Created combined S11 magnitude and phase plot
2025-10-14 18:18:58 - visualization.s1p_plots - INFO - Plot embedded in Tkinter frame
2025-10-14 18:18:58 - __main__ - INFO - Created S1P combined plot for 20251014-1.s1p
2025-10-14 18:20:33 - root - INFO - Logging initialized - Level: INFO
2025-10-14 18:20:33 - root - INFO - Log file: logs\snp_processor.log
2025-10-14 18:20:33 - __main__ - INFO - Starting SNP Data Processor v1.0.0
2025-10-14 18:20:33 - __main__ - INFO - Main window created successfully
2025-10-14 18:20:33 - __main__ - INFO - Application started successfully
2025-10-14 18:20:41 - data.s1p_loader - INFO - Loading S1P file: C:\Users\gents\1.University\Laboratory\research\programs\data-processing-app\data-processing-app\data\20251014-1.s1p
2025-10-14 18:20:41 - data.s1p_loader - INFO - Successfully loaded S1P file with 201 data points
2025-10-14 18:20:41 - __main__ - INFO - Loaded S1P file: 20251014-1.s1p
2025-10-14 18:20:42 - __main__ - INFO - Import completed: 1/1 files loaded
2025-10-14 18:20:44 - __main__ - INFO - File selected: 20251014-1.s1p (S1P)
2025-10-14 18:20:50 - visualization.s1p_plots - INFO - Created S11 magnitude plot
2025-10-14 18:20:50 - visualization.s1p_plots - INFO - Plot embedded in Tkinter frame
2025-10-14 18:20:50 - __main__ - INFO - Created S1P magnitude plot for 20251014-1.s1p
2025-10-14 22:51:47 - root - INFO - Logging initialized - Level: INFO
2025-10-14 22:51:47 - root - INFO - Log file: logs\snp_processor.log
2025-10-14 22:51:47 - __main__ - INFO - Starting SNP Data Processor v1.0.0
2025-10-14 22:51:48 - __main__ - INFO - Main window created successfully
2025-10-14 22:51:48 - __main__ - INFO - Application started successfully
2025-10-14 22:53:27 - __main__ - INFO - Application closing
2025-10-14 22:53:33 - __main__ - INFO - Application closing
2025-10-14 22:53:37 - root - INFO - Logging initialized - Level: INFO
2025-10-14 22:53:37 - root - INFO - Log file: logs\snp_processor.log
2025-10-14 22:53:37 - __main__ - INFO - Starting SNP Data Processor v1.0.0
2025-10-14 22:53:38 - __main__ - INFO - Main window created successfully
2025-10-14 22:53:38 - __main__ - INFO - Application started successfully
2025-10-14 22:55:43 - data.s1p_loader - INFO - Loading S1P file: C:\Users\gents\1.University\Laboratory\research\programs\data-processing-app\data-processing-app\data\20251014-1.s1p
2025-10-14 22:55:43 - data.s1p_loader - INFO - Successfully loaded S1P file with 201 data points
2025-10-14 22:55:43 - __main__ - INFO - Loaded S1P file: 20251014-1.s1p
2025-10-14 22:55:44 - __main__ - INFO - Import completed: 1/1 files loaded
2025-10-14 22:56:36 - root - INFO - Logging initialized - Level: INFO
2025-10-14 22:56:36 - root - INFO - Log file: logs\snp_processor.log
2025-10-14 22:56:36 - __main__ - INFO - Starting SNP Data Processor v1.0.0
2025-10-14 22:56:37 - __main__ - INFO - Main window created successfully
2025-10-14 22:56:37 - __main__ - INFO - Application started successfully
2025-10-14 22:57:12 - data.s1p_loader - INFO - Loading S1P file: C:\Users\gents\1.University\Laboratory\research\programs\data-processing-app\data-processing-app\data\20251014-1.s1p
2025-10-14 22:57:12 - data.s1p_loader - INFO - Successfully loaded S1P file with 201 data points
2025-10-14 22:57:12 - __main__ - INFO - Loaded S1P file: 20251014-1.s1p
2025-10-14 22:57:14 - __main__ - INFO - Import completed: 1/1 files loaded
2025-10-14 22:57:17 - __main__ - INFO - Selected file: 20251014-1.s1p
2025-10-14 22:57:48 - __main__ - INFO - Selected file: 20251014-1.s1p
2025-10-14 22:57:52 - __main__ - INFO - Theme changed to: dark
2025-10-14 22:57:55 - __main__ - INFO - Theme changed to: light
2025-10-14 22:57:57 - __main__ - INFO - Theme changed to: dark
2025-10-14 22:58:12 - __main__ - INFO - Theme changed to: light
2025-10-14 22:58:14 - __main__ - INFO - Theme changed to: dark
2025-10-14 23:03:19 - root - INFO - Logging initialized - Level: INFO
2025-10-14 23:03:19 - root - INFO - Log file: logs\snp_processor.log
2025-10-14 23:03:19 - __main__ - INFO - Starting SNP Data Processor v1.0.0
2025-10-14 23:03:19 - __main__ - INFO - Main window created successfully
2025-10-14 23:03:19 - __main__ - INFO - Application started successfully
2025-10-14 23:03:34 - __main__ - INFO - Theme changed to: dark
2025-10-14 23:03:38 - data.s1p_loader - INFO - Loading S1P file: C:\Users\gents\1.University\Laboratory\research\programs\data-processing-app\data-processing-app\data\20251014-1.s1p
2025-10-14 23:03:38 - data.s1p_loader - INFO - Successfully loaded S1P file with 201 data points
2025-10-14 23:03:38 - __main__ - INFO - Loaded S1P file: 20251014-1.s1p
2025-10-14 23:03:40 - __main__ - INFO - Import completed: 1/1 files loaded
2025-10-14 23:03:42 - __main__ - INFO - Selected file: 20251014-1.s1p
2025-10-14 23:03:56 - __main__ - INFO - Selected file: 20251014-1.s1p
2025-10-14 23:04:04 - __main__ - INFO - Application closing
2025-10-14 23:04:08 - __main__ - INFO - Application closing
2025-10-14 23:04:36 - root - INFO - Logging initialized - Level: INFO
2025-10-14 23:04:36 - root - INFO - Log file: logs\snp_processor.log
2025-10-14 23:04:36 - __main__ - INFO - Starting SNP Data Processor v1.0.0
2025-10-14 23:04:36 - __main__ - INFO - Main window created successfully
2025-10-14 23:04:36 - __main__ - INFO - Application started successfully
2025-10-14 23:04:40 - __main__ - INFO - Theme changed to: dark
2025-10-14 23:04:48 - data.s1p_loader - INFO - Loading S1P file: C:\Users\gents\1.University\Laboratory\research\programs\data-processing-app\data-processing-app\data\20251014-1.s1p
2025-10-14 23:04:48 - data.s1p_loader - INFO - Successfully loaded S1P file with 201 data points
2025-10-14 23:04:48 - __main__ - INFO - Loaded S1P file: 20251014-1.s1p
2025-10-14 23:04:49 - __main__ - INFO - Import completed: 1/1 files loaded
2025-10-14 23:05:02 - visualization.s1p_plots - INFO - Created S11 magnitude plot
2025-10-14 23:05:02 - visualization.s1p_plots - INFO - Plot embedded in Tkinter frame
2025-10-14 23:05:02 - __main__ - INFO - Created S1P magnitude plot for 20251014-1.s1p
2025-10-14 23:06:30 - __main__ - INFO - Application closing
2025-10-14 23:10:27 - root - INFO - Logging initialized - Level: INFO
2025-10-14 23:10:27 - root - INFO - Log file: logs\snp_processor.log
2025-10-14 23:10:27 - __main__ - INFO - Starting SNP Data Processor v1.0.0
2025-10-14 23:10:27 - __main__ - INFO - Main window created successfully
2025-10-14 23:10:27 - __main__ - INFO - Application started successfully
2025-10-14 23:10:32 - __main__ - INFO - Theme changed to: dark
2025-10-14 23:10:41 - data.s1p_loader - INFO - Loading S1P file: C:\Users\gents\1.University\Laboratory\research\programs\data-processing-app\data-processing-app\data\20251014-1.s1p
2025-10-14 23:10:41 - data.s1p_loader - INFO - Successfully loaded S1P file with 201 data points
2025-10-14 23:10:41 - __main__ - INFO - Loaded S1P file: 20251014-1.s1p
2025-10-14 23:10:42 - __main__ - INFO - Import completed: 1/1 files loaded
2025-10-14 23:10:43 - __main__ - INFO - Selected file: 20251014-1.s1p
2025-10-14 23:11:23 - __main__ - INFO - Selected file: 20251014-1.s1p
2025-10-14 23:14:00 - __main__ - INFO - Application closing
2025-10-14 23:15:28 - root - INFO - Logging initialized - Level: INFO
2025-10-14 23:15:28 - root - INFO - Log file: logs\snp_processor.log
2025-10-14 23:15:28 - __main__ - INFO - Starting SNP Data Processor v1.0.0
2025-10-14 23:15:28 - __main__ - INFO - Main window created successfully
2025-10-14 23:15:28 - __main__ - INFO - Application started successfully
2025-10-14 23:15:36 - data.s1p_loader - INFO - Loading S1P file: C:\Users\gents\1.University\Laboratory\research\programs\data-processing-app\data-processing-app\data\20251014-1.s1p
2025-10-14 23:15:36 - data.s1p_loader - INFO - Successfully loaded S1P file with 201 data points
2025-10-14 23:15:36 - __main__ - INFO - Loaded S1P file: 20251014-1.s1p
2025-10-14 23:15:37 - __main__ - INFO - Import completed: 1/1 files loaded
2025-10-14 23:15:39 - __main__ - INFO - Selected file: 20251014-1.s1p
2025-10-14 23:16:08 - __main__ - INFO - Scatter plot creation requested
2025-10-14 23:16:08 - __main__ - INFO - Found 1 S1P files out of 1 total files
2025-10-14 23:16:08 - __main__ - INFO - Creating S1P plot
2025-10-14 23:16:11 - visualization.s1p_plots - INFO - Created S11 magnitude plot
2025-10-14 23:16:11 - visualization.s1p_plots - INFO - Plot embedded in Tkinter frame
2025-10-14 23:16:11 - __main__ - INFO - Created S1P magnitude plot for 20251014-1.s1p
2025-10-14 23:16:15 - __main__ - INFO - Theme changed to: dark
2025-10-14 23:16:39 - __main__ - INFO - Theme changed to: system
2025-10-14 23:16:46 - __main__ - INFO - Theme changed to: light
2025-10-14 23:16:49 - __main__ - INFO - Theme changed to: dark
2025-10-14 23:16:50 - __main__ - INFO - Theme changed to: light
2025-10-14 23:16:50 - __main__ - INFO - Theme changed to: dark
2025-10-14 23:16:51 - __main__ - INFO - Theme changed to: light
2025-10-14 23:19:44 - __main__ - INFO - Theme changed to: dark
2025-10-14 23:19:45 - __main__ - INFO - Theme changed to: light
2025-10-14 23:20:13 - __main__ - INFO - Application closing
2025-10-17 14:09:44 - root - INFO - Logging initialized - Level: INFO
2025-10-17 14:09:44 - root - INFO - Log file: logs\snp_processor.log
2025-10-17 14:09:44 - __main__ - INFO - Starting SNP Data Processor v1.0.0
2025-10-17 14:09:45 - __main__ - INFO - Main window created successfully
2025-10-17 14:09:45 - __main__ - INFO - Application started successfully
2025-10-17 14:10:15 - data.s1p_loader - INFO - Loading S1P file: D:\Lab\20251017VNA\20251017-1.s1p
2025-10-17 14:10:15 - data.s1p_loader - INFO - Successfully loaded S1P file with 201 data points
2025-10-17 14:10:15 - __main__ - INFO - Loaded S1P file: 20251017-1.s1p
2025-10-17 14:10:15 - data.s1p_loader - INFO - Loading S1P file: D:\Lab\20251017VNA\20251017-2.s1p
2025-10-17 14:10:15 - data.s1p_loader - INFO - Successfully loaded S1P file with 201 data points
2025-10-17 14:10:15 - __main__ - INFO - Loaded S1P file: 20251017-2.s1p
2025-10-17 14:10:15 - data.s1p_loader - INFO - Loading S1P file: D:\Lab\20251017VNA\20251017-3.s1p
2025-10-17 14:10:15 - data.s1p_loader - INFO - Successfully loaded S1P file with 201 data points
2025-10-17 14:10:15 - __main__ - INFO - Loaded S1P file: 20251017-3.s1p
2025-10-17 14:10:17 - __main__ - INFO - Import completed: 3/3 files loaded
2025-10-17 14:10:19 - __main__ - INFO - Selected file: 20251017-1.s1p
2025-10-17 14:10:22 - __main__ - INFO - Scatter plot creation requested
2025-10-17 14:10:22 - __main__ - INFO - Found 3 S1P files out of 3 total files
2025-10-17 14:10:22 - __main__ - INFO - Creating S1P plot
2025-10-17 14:10:27 - visualization.s1p_plots - INFO - Created S11 magnitude plot
2025-10-17 14:10:27 - visualization.s1p_plots - INFO - Plot embedded in Tkinter frame
2025-10-17 14:10:27 - __main__ - INFO - Created S1P magnitude plot for 20251017-1.s1p
2025-10-17 14:26:17 - __main__ - INFO - Selected file: 20251017-1.s1p
2025-10-17 14:26:25 - __main__ - INFO - Application closing
2025-10-17 14:29:21 - root - INFO - Logging initialized - Level: INFO
2025-10-17 14:29:21 - root - INFO - Log file: logs\snp_processor.log
2025-10-17 14:29:21 - __main__ - INFO - Starting SNP Data Processor v1.0.0
2025-10-17 14:29:22 - __main__ - INFO - Main window created successfully
2025-10-17 14:29:22 - __main__ - INFO - Application started successfully
2025-10-17 14:29:30 - data.s1p_loader - INFO - Loading S1P file: C:\Users\gents\1.University\Laboratory\research\programs\data-processing-app\data-processing-app\data\20251014-1.s1p
2025-10-17 14:29:30 - data.s1p_loader - INFO - Successfully loaded S1P file with 201 data points
2025-10-17 14:29:30 - __main__ - INFO - Loaded S1P file: 20251014-1.s1p
2025-10-17 14:29:31 - __main__ - INFO - Import completed: 1/1 files loaded
2025-10-17 14:29:34 - __main__ - INFO - Theme changed to: dark
2025-10-17 14:29:36 - __main__ - INFO - Selected file: 20251014-1.s1p
2025-10-17 14:29:37 - __main__ - INFO - Creating graph for selected S1P file: 20251014-1.s1p
2025-10-17 14:29:39 - visualization.s1p_plots - INFO - Created S11 magnitude plot
2025-10-17 14:29:39 - visualization.s1p_plots - INFO - Plot embedded in Tkinter frame
2025-10-17 14:29:39 - __main__ - INFO - Successfully created magnitude plot for 20251014-1.s1p
2025-10-17 14:29:51 - __main__ - INFO - Application closing
2025-10-17 14:31:43 - root - INFO - Logging initialized - Level: INFO
2025-10-17 14:31:43 - root - INFO - Log file: logs\snp_processor.log
2025-10-17 14:31:43 - __main__ - INFO - Starting SNP Data Processor v1.0.0
2025-10-17 14:31:43 - __main__ - INFO - Main window created successfully
2025-10-17 14:31:43 - __main__ - INFO - Application started successfully
2025-10-17 14:32:09 - data.s1p_loader - INFO - Loading S1P file: C:\Users\gents\1.University\Laboratory\research\result\NetworkAnalyzer\20251017VNA\20251017-1.s1p
2025-10-17 14:32:09 - data.s1p_loader - INFO - Successfully loaded S1P file with 10000 data points
2025-10-17 14:32:09 - __main__ - INFO - Loaded S1P file: 20251017-1.s1p
2025-10-17 14:32:09 - data.s1p_loader - INFO - Loading S1P file: C:\Users\gents\1.University\Laboratory\research\result\NetworkAnalyzer\20251017VNA\20251017-2.s1p
2025-10-17 14:32:09 - data.s1p_loader - INFO - Successfully loaded S1P file with 10000 data points
2025-10-17 14:32:09 - __main__ - INFO - Loaded S1P file: 20251017-2.s1p
2025-10-17 14:32:09 - data.s1p_loader - INFO - Loading S1P file: C:\Users\gents\1.University\Laboratory\research\result\NetworkAnalyzer\20251017VNA\20251017-3.s1p
2025-10-17 14:32:09 - data.s1p_loader - INFO - Successfully loaded S1P file with 10000 data points
2025-10-17 14:32:09 - __main__ - INFO - Loaded S1P file: 20251017-3.s1p
2025-10-17 14:32:10 - __main__ - INFO - Import completed: 3/3 files loaded
2025-10-17 14:32:14 - __main__ - INFO - Theme changed to: dark
2025-10-17 14:32:20 - __main__ - INFO - Selected file: 20251017-1.s1p
2025-10-17 14:32:22 - __main__ - INFO - Selected file: 20251017-2.s1p
2025-10-17 14:32:23 - __main__ - INFO - Selected file: 20251017-3.s1p
2025-10-17 14:32:27 - __main__ - INFO - Creating graph for selected S1P file: 20251017-3.s1p
2025-10-17 14:32:30 - visualization.s1p_plots - INFO - Created S11 magnitude plot
2025-10-17 14:32:30 - visualization.s1p_plots - INFO - Plot embedded in Tkinter frame
2025-10-17 14:32:30 - __main__ - INFO - Successfully created magnitude plot for 20251017-3.s1p
2025-10-17 14:32:43 - __main__ - INFO - Selected file: 20251017-2.s1p
2025-10-17 14:32:45 - __main__ - INFO - Creating graph for selected S1P file: 20251017-2.s1p
2025-10-17 14:32:49 - visualization.s1p_plots - INFO - Created S11 magnitude plot
2025-10-17 14:32:49 - visualization.s1p_plots - INFO - Plot embedded in Tkinter frame
2025-10-17 14:32:49 - __main__ - INFO - Successfully created magnitude plot for 20251017-2.s1p
2025-10-17 14:32:58 - __main__ - INFO - Theme changed to: light
2025-10-17 14:32:59 - __main__ - INFO - Selected file: 20251017-1.s1p
2025-10-17 14:33:04 - __main__ - INFO - Application closing
2025-10-17 15:15:47 - root - INFO - Logging initialized - Level: INFO
2025-10-17 15:15:47 - root - INFO - Log file: logs\snp_processor.log
2025-10-17 15:15:47 - __main__ - INFO - Starting SNP Data Processor v1.0.0
2025-10-17 15:15:47 - __main__ - INFO - Basic drop zone setup (drag and drop requires tkinterdnd2 package)
2025-10-17 15:15:48 - __main__ - INFO - Main window created successfully
2025-10-17 15:15:48 - __main__ - INFO - Application started successfully
2025-10-17 15:17:54 - root - INFO - Logging initialized - Level: INFO
2025-10-17 15:17:54 - root - INFO - Log file: logs\snp_processor.log
2025-10-17 15:17:54 - __main__ - INFO - Starting SNP Data Processor v1.0.0
2025-10-17 15:17:54 - __main__ - INFO - Basic drop zone setup (drag and drop requires tkinterdnd2 package)
2025-10-17 15:17:55 - __main__ - INFO - Main window created successfully
2025-10-17 15:17:55 - __main__ - INFO - Application started successfully
2025-10-17 15:18:15 - data.s1p_loader - INFO - Loading S1P file: C:\Users\gents\1.University\Laboratory\research\programs\data-processing-app\data-processing-app\data\20251014-1.s1p
2025-10-17 15:18:15 - data.s1p_loader - INFO - Successfully loaded S1P file with 201 data points
2025-10-17 15:18:15 - __main__ - INFO - Loaded S1P file: 20251014-1.s1p
2025-10-17 15:18:16 - __main__ - INFO - Import completed: 1/1 files loaded
2025-10-17 15:19:46 - root - INFO - Logging initialized - Level: INFO
2025-10-17 15:19:46 - root - INFO - Log file: logs\snp_processor.log
2025-10-17 15:19:46 - __main__ - INFO - Starting SNP Data Processor v1.0.0
2025-10-17 15:19:46 - __main__ - INFO - Basic drop zone setup (drag and drop requires tkinterdnd2 package)
2025-10-17 15:19:46 - __main__ - INFO - Main window created successfully
2025-10-17 15:19:46 - __main__ - INFO - Application started successfully
2025-10-17 15:21:27 - root - INFO - Logging initialized - Level: INFO
2025-10-17 15:21:27 - root - INFO - Log file: logs\snp_processor.log
2025-10-17 15:21:27 - __main__ - INFO - Starting SNP Data Processor v1.0.0
2025-10-17 15:21:27 - __main__ - INFO - Drag and drop setup failed: No module named 'tkinterdnd2'. Using basic drop zone.
2025-10-17 15:21:28 - __main__ - INFO - Main window created successfully
2025-10-17 15:21:28 - __main__ - INFO - Application started successfully
2025-10-17 15:21:42 - data.s1p_loader - INFO - Loading S1P file: C:\Users\gents\1.University\Laboratory\research\programs\data-processing-app\data-processing-app\data\20251014-1.s1p
2025-10-17 15:21:42 - data.s1p_loader - INFO - Successfully loaded S1P file with 201 data points
2025-10-17 15:21:42 - __main__ - INFO - Loaded S1P file: 20251014-1.s1p
2025-10-17 15:21:47 - __main__ - INFO - Import completed: 1/1 files loaded
2025-10-17 15:21:50 - __main__ - INFO - Application closing
2025-10-17 15:22:33 - root - INFO - Logging initialized - Level: INFO
2025-10-17 15:22:33 - root - INFO - Log file: logs\snp_processor.log
2025-10-17 15:22:33 - __main__ - INFO - Starting SNP Data Processor v1.0.0
2025-10-17 15:22:33 - __main__ - INFO - Drag and drop setup failed: module 'tkinterdnd2.TkinterDnD' has no attribute 'TkinterDnD'. Using basic drop zone.
2025-10-17 15:22:34 - __main__ - INFO - Main window created successfully
2025-10-17 15:22:34 - __main__ - INFO - Application started successfully
2025-10-17 15:22:45 - __main__ - INFO - Application closing
2025-10-17 15:23:06 - root - INFO - Logging initialized - Level: INFO
2025-10-17 15:23:06 - root - INFO - Log file: logs\snp_processor.log
2025-10-17 15:23:06 - __main__ - INFO - Starting SNP Data Processor v1.0.0
2025-10-17 15:23:06 - __main__ - INFO - Drag and drop setup failed: can't find package tkdnd. Using basic drop zone.
2025-10-17 15:23:07 - __main__ - INFO - Main window created successfully
2025-10-17 15:23:07 - __main__ - INFO - Application started successfully
2025-10-17 15:24:41 - root - INFO - Logging initialized - Level: INFO
2025-10-17 15:24:41 - root - INFO - Log file: logs\snp_processor.log
2025-10-17 15:24:41 - __main__ - INFO - Starting SNP Data Processor v1.0.0
2025-10-17 15:24:41 - __main__ - INFO - Drag and drop setup failed: can't find package tkdnd. Using basic drop zone.
2025-10-17 15:24:41 - __main__ - INFO - Main window created successfully
2025-10-17 15:24:41 - __main__ - INFO - Application started successfully
2025-10-17 15:25:07 - __main__ - INFO - Application closing
2025-10-17 15:26:29 - root - INFO - Logging initialized - Level: INFO
2025-10-17 15:26:29 - root - INFO - Log file: logs\snp_processor.log
2025-10-17 15:26:29 - __main__ - INFO - Starting SNP Data Processor v1.0.0
2025-10-17 15:26:30 - __main__ - INFO - Main window created successfully
2025-10-17 15:26:30 - __main__ - INFO - Application started successfully
2025-10-17 15:26:33 - __main__ - INFO - Application closing
2025-10-21 10:27:35 - root - INFO - Logging initialized - Level: INFO
2025-10-21 10:27:35 - root - INFO - Log file: logs\snp_processor.log
2025-10-21 10:27:35 - __main__ - INFO - Starting SNP Data Processor v1.0.0
2025-10-21 10:27:36 - __main__ - INFO - Main window created successfully
2025-10-21 10:27:36 - __main__ - INFO - Application started successfully
2025-10-21 10:31:49 - data.s1p_loader - INFO - Loading S1P file: C:\Users\gents\1.University\Laboratory\research\result\NetworkAnalyzer\20251017VNA\20251017-1.s1p
2025-10-21 10:31:49 - data.s1p_loader - INFO - Successfully loaded S1P file with 10000 data points
2025-10-21 10:31:49 - __main__ - INFO - Loaded S1P file: 20251017-1.s1p
2025-10-21 10:31:49 - data.s1p_loader - INFO - Loading S1P file: C:\Users\gents\1.University\Laboratory\research\result\NetworkAnalyzer\20251017VNA\20251017-2.s1p
2025-10-21 10:31:49 - data.s1p_loader - INFO - Successfully loaded S1P file with 10000 data points
2025-10-21 10:31:49 - __main__ - INFO - Loaded S1P file: 20251017-2.s1p
2025-10-21 10:31:49 - data.s1p_loader - INFO - Loading S1P file: C:\Users\gents\1.University\Laboratory\research\result\NetworkAnalyzer\20251017VNA\20251017-3.s1p
2025-10-21 10:31:49 - data.s1p_loader - INFO - Successfully loaded S1P file with 10000 data points
2025-10-21 10:31:49 - __main__ - INFO - Loaded S1P file: 20251017-3.s1p
2025-10-21 10:31:51 - __main__ - INFO - Import completed: 3/3 files loaded
2025-10-21 10:31:53 - __main__ - INFO - Selected file: 20251017-1.s1p
2025-10-21 10:31:54 - __main__ - INFO - Selected file: 20251017-2.s1p
2025-10-21 10:31:55 - __main__ - INFO - Selected file: 20251017-3.s1p
2025-10-21 10:31:58 - __main__ - INFO - Creating overlaid graph for 3 S1P files
2025-10-21 10:32:04 - visualization.s1p_plots - INFO - Created overlaid S11 magnitude plot for 3 files
2025-10-21 10:32:04 - visualization.s1p_plots - INFO - Plot embedded in Tkinter frame
2025-10-21 10:32:04 - __main__ - INFO - Successfully created magnitude overlay plot for files: 20251017-1.s1p, 20251017-2.s1p, 20251017-3.s1p
2025-10-21 10:38:08 - __main__ - INFO - Theme changed to: dark
2025-10-21 10:38:14 - __main__ - INFO - Theme changed to: light
2025-10-21 10:40:10 - __main__ - INFO - Deselected file: 20251017-3.s1p
2025-10-21 10:40:11 - __main__ - INFO - Deselected file: 20251017-2.s1p
2025-10-21 10:40:12 - __main__ - INFO - Deselected file: 20251017-1.s1p
2025-10-21 10:40:51 - data.dat_loader - INFO - Loading DAT file: 20251017-1-20251017(13h28m27s).dat
2025-10-21 10:40:51 - data.dat_loader - INFO - Read DAT file: 72 rows, 6 columns
2025-10-21 10:40:51 - data.dat_loader - INFO - Data processing completed
2025-10-21 10:40:51 - data.dat_loader - INFO - Successfully loaded DAT file with 72 data points
2025-10-21 10:40:51 - __main__ - INFO - Loaded DAT file: 20251017-1-20251017(13h28m27s).dat
2025-10-21 10:40:51 - data.dat_loader - INFO - Loading DAT file: 20251017-2-20251017(13h32m31s).dat
2025-10-21 10:40:51 - data.dat_loader - INFO - Read DAT file: 72 rows, 6 columns
2025-10-21 10:40:51 - data.dat_loader - INFO - Data processing completed
2025-10-21 10:40:51 - data.dat_loader - INFO - Successfully loaded DAT file with 72 data points
2025-10-21 10:40:51 - __main__ - INFO - Loaded DAT file: 20251017-2-20251017(13h32m31s).dat
2025-10-21 10:40:51 - data.dat_loader - INFO - Loading DAT file: 20251017-3-20251017(13h35m21s).dat
2025-10-21 10:40:51 - data.dat_loader - INFO - Read DAT file: 72 rows, 6 columns
2025-10-21 10:40:51 - data.dat_loader - INFO - Data processing completed
2025-10-21 10:40:51 - data.dat_loader - INFO - Successfully loaded DAT file with 72 data points
2025-10-21 10:40:51 - __main__ - INFO - Loaded DAT file: 20251017-3-20251017(13h35m21s).dat
2025-10-21 10:40:53 - __main__ - INFO - Import completed: 3/3 files loaded
2025-10-21 10:41:04 - __main__ - INFO - Selected file: 20251017-1-20251017(13h28m27s).dat
2025-10-21 10:41:05 - __main__ - INFO - Selected file: 20251017-2-20251017(13h32m31s).dat
2025-10-21 10:41:06 - __main__ - INFO - Selected file: 20251017-3-20251017(13h35m21s).dat
2025-10-21 10:41:08 - __main__ - INFO - Creating overlaid graph for 3 DAT files
2025-10-21 10:41:22 - visualization.dat_plots - INFO - Created overlaid amplitude plot for 3 files
2025-10-21 10:41:22 - visualization.dat_plots - INFO - Plot embedded in Tkinter frame
2025-10-21 10:41:22 - __main__ - INFO - Successfully created freq_amp overlay plot for files: 20251017-1-20251017(13h28m27s).dat, 20251017-2-20251017(13h32m31s).dat, 20251017-3-20251017(13h35m21s).dat
2025-10-21 10:48:08 - __main__ - INFO - Deselected file: 20251017-3-20251017(13h35m21s).dat
2025-10-21 10:48:09 - __main__ - INFO - Deselected file: 20251017-2-20251017(13h32m31s).dat
2025-10-21 10:48:09 - __main__ - INFO - Deselected file: 20251017-1-20251017(13h28m27s).dat
2025-10-21 10:48:10 - __main__ - INFO - Selected file: 20251017-3.s1p
2025-10-21 10:48:10 - __main__ - INFO - Selected file: 20251017-2.s1p
2025-10-21 10:48:11 - __main__ - INFO - Selected file: 20251017-1.s1p
2025-10-21 10:48:13 - __main__ - INFO - Creating overlaid graph for 3 S1P files
2025-10-21 10:48:14 - visualization.s1p_plots - INFO - Created overlaid S11 magnitude plot for 3 files
2025-10-21 10:48:14 - visualization.s1p_plots - INFO - Plot embedded in Tkinter frame
2025-10-21 10:48:14 - __main__ - INFO - Successfully created magnitude overlay plot for files: 20251017-3.s1p, 20251017-2.s1p, 20251017-1.s1p
2025-10-21 11:10:23 - root - INFO - Logging initialized - Level: INFO
2025-10-21 11:10:23 - root - INFO - Log file: logs\snp_processor.log
2025-10-21 11:10:23 - __main__ - INFO - Starting SNP Data Processor v1.0.0
2025-10-21 11:10:25 - __main__ - INFO - Main window created successfully
2025-10-21 11:10:25 - __main__ - INFO - Application started successfully
2025-10-21 11:11:15 - data.s1p_loader - INFO - Loading S1P file: C:\Users\gents\1.University\Laboratory\research\result\NetworkAnalyzer\20251017VNA\20251017-1.s1p
2025-10-21 11:11:15 - data.s1p_loader - INFO - Successfully loaded S1P file with 10000 data points
2025-10-21 11:11:15 - __main__ - INFO - Loaded S1P file: 20251017-1.s1p
2025-10-21 11:11:15 - data.s1p_loader - INFO - Loading S1P file: C:\Users\gents\1.University\Laboratory\research\result\NetworkAnalyzer\20251017VNA\20251017-2.s1p
2025-10-21 11:11:15 - data.s1p_loader - INFO - Successfully loaded S1P file with 10000 data points
2025-10-21 11:11:15 - __main__ - INFO - Loaded S1P file: 20251017-2.s1p
2025-10-21 11:11:15 - data.s1p_loader - INFO - Loading S1P file: C:\Users\gents\1.University\Laboratory\research\result\NetworkAnalyzer\20251017VNA\20251017-3.s1p
2025-10-21 11:11:15 - data.s1p_loader - INFO - Successfully loaded S1P file with 10000 data points
2025-10-21 11:11:15 - __main__ - INFO - Loaded S1P file: 20251017-3.s1p
2025-10-21 11:11:17 - __main__ - INFO - Import completed: 3/3 files loaded
2025-10-21 11:11:22 - __main__ - INFO - Selected file: 20251017-3.s1p
2025-10-21 11:11:24 - __main__ - INFO - Selected file: 20251017-1.s1p
2025-10-21 11:11:57 - __main__ - INFO - Application closing
2025-10-21 11:12:01 - root - INFO - Logging initialized - Level: INFO
2025-10-21 11:12:01 - root - INFO - Log file: logs\snp_processor.log
2025-10-21 11:12:01 - __main__ - INFO - Starting SNP Data Processor v1.0.0
2025-10-21 11:12:02 - __main__ - INFO - Main window created successfully
2025-10-21 11:12:02 - __main__ - INFO - Application started successfully
2025-10-21 11:12:21 - data.s1p_loader - INFO - Loading S1P file: C:\Users\gents\1.University\Laboratory\research\result\NetworkAnalyzer\20251017VNA\20251017-1.s1p
2025-10-21 11:12:21 - data.s1p_loader - INFO - Successfully loaded S1P file with 10000 data points
2025-10-21 11:12:21 - __main__ - INFO - Loaded S1P file: 20251017-1.s1p
2025-10-21 11:12:21 - data.s1p_loader - INFO - Loading S1P file: C:\Users\gents\1.University\Laboratory\research\result\NetworkAnalyzer\20251017VNA\20251017-2.s1p
2025-10-21 11:12:21 - data.s1p_loader - INFO - Successfully loaded S1P file with 10000 data points
2025-10-21 11:12:21 - __main__ - INFO - Loaded S1P file: 20251017-2.s1p
2025-10-21 11:12:21 - data.s1p_loader - INFO - Loading S1P file: C:\Users\gents\1.University\Laboratory\research\result\NetworkAnalyzer\20251017VNA\20251017-3.s1p
2025-10-21 11:12:21 - data.s1p_loader - INFO - Successfully loaded S1P file with 10000 data points
2025-10-21 11:12:21 - __main__ - INFO - Loaded S1P file: 20251017-3.s1p
2025-10-21 11:12:22 - __main__ - INFO - Import completed: 3/3 files loaded
2025-10-21 11:12:24 - __main__ - INFO - Selected file: 20251017-1.s1p
2025-10-21 11:12:25 - __main__ - INFO - Selected file: 20251017-2.s1p
2025-10-21 11:12:25 - __main__ - INFO - Selected file: 20251017-3.s1p
2025-10-21 11:12:32 - __main__ - INFO - Deselected file: 20251017-2.s1p
2025-10-21 11:12:36 - __main__ - INFO - Deselected file: 20251017-3.s1p
2025-10-21 11:12:37 - __main__ - INFO - Deselected file: 20251017-1.s1p
2025-10-21 11:12:55 - __main__ - INFO - Selected file: 20251017-1.s1p
2025-10-21 11:12:55 - __main__ - INFO - Selected file: 20251017-2.s1p
2025-10-21 11:12:56 - __main__ - INFO - Selected file: 20251017-3.s1p
2025-10-21 11:12:58 - __main__ - INFO - Creating overlaid graph for 3 S1P files
2025-10-21 11:13:00 - visualization.s1p_plots - INFO - Created overlaid S11 magnitude plot for 3 files
2025-10-21 11:13:00 - visualization.s1p_plots - INFO - Plot embedded in Tkinter frame
2025-10-21 11:13:00 - __main__ - INFO - Successfully created magnitude overlay plot for files: 20251017-1.s1p, 20251017-2.s1p, 20251017-3.s1p
2025-10-21 11:16:43 - __main__ - INFO - Application closing
2025-10-21 11:16:47 - root - INFO - Logging initialized - Level: INFO
2025-10-21 11:16:47 - root - INFO - Log file: logs\snp_processor.log
2025-10-21 11:16:47 - __main__ - INFO - Starting SNP Data Processor v1.0.0
2025-10-21 11:16:47 - __main__ - INFO - Main window created successfully
2025-10-21 11:16:47 - __main__ - INFO - Application started successfully
2025-10-21 11:17:10 - data.s1p_loader - INFO - Loading S1P file: C:\Users\gents\1.University\Laboratory\research\result\NetworkAnalyzer\20251017VNA\20251017-1.s1p
2025-10-21 11:17:10 - data.s1p_loader - INFO - Successfully loaded S1P file with 10000 data points
2025-10-21 11:17:10 - __main__ - INFO - Loaded S1P file: 20251017-1.s1p
2025-10-21 11:17:10 - data.s1p_loader - INFO - Loading S1P file: C:\Users\gents\1.University\Laboratory\research\result\NetworkAnalyzer\20251017VNA\20251017-2.s1p
2025-10-21 11:17:10 - data.s1p_loader - INFO - Successfully loaded S1P file with 10000 data points
2025-10-21 11:17:10 - __main__ - INFO - Loaded S1P file: 20251017-2.s1p
2025-10-21 11:17:10 - data.s1p_loader - INFO - Loading S1P file: C:\Users\gents\1.University\Laboratory\research\result\NetworkAnalyzer\20251017VNA\20251017-3.s1p
2025-10-21 11:17:10 - data.s1p_loader - INFO - Successfully loaded S1P file with 10000 data points
2025-10-21 11:17:10 - __main__ - INFO - Loaded S1P file: 20251017-3.s1p
2025-10-21 11:17:11 - __main__ - INFO - Import completed: 3/3 files loaded
2025-10-21 11:18:27 - visualization.difference_plots - INFO - Created S1P magnitude difference plot
2025-10-21 11:18:27 - visualization.difference_plots - INFO - Plot embedded in Tkinter frame
2025-10-21 11:18:27 - __main__ - INFO - Successfully created difference plot: S1P Difference: 20251017-1.s1p - 20251017-2.s1p
2025-10-21 11:20:03 - visualization.difference_plots - INFO - Created S1P magnitude difference plot
2025-10-21 11:20:03 - visualization.difference_plots - INFO - Plot embedded in Tkinter frame
2025-10-21 11:20:03 - __main__ - INFO - Successfully created difference plot: S1P Difference: 20251017-3.s1p - 20251017-1.s1p
2025-10-21 11:22:58 - visualization.difference_plots - INFO - Created S1P magnitude difference plot
2025-10-21 11:22:58 - visualization.difference_plots - INFO - Plot embedded in Tkinter frame
2025-10-21 11:22:58 - __main__ - INFO - Successfully created difference plot: S1P Difference: 20251017-1.s1p - 20251017-2.s1p
2025-10-21 11:23:53 - visualization.difference_plots - INFO - Created S1P magnitude difference plot
2025-10-21 11:23:53 - visualization.difference_plots - INFO - Plot embedded in Tkinter frame
2025-10-21 11:23:53 - __main__ - INFO - Successfully created difference plot: S1P Difference: 20251017-1.s1p - 20251017-3.s1p
2025-10-21 11:25:27 - __main__ - INFO - Selected file: 20251017-3.s1p
2025-10-21 11:25:28 - __main__ - INFO - Deselected file: 20251017-3.s1p
2025-10-21 11:25:32 - __main__ - INFO - Selected file: 20251017-3.s1p
2025-10-21 11:25:33 - __main__ - INFO - Deselected file: 20251017-3.s1p
2025-10-21 11:25:34 - __main__ - INFO - Selected file: 20251017-2.s1p
2025-10-21 11:25:35 - __main__ - INFO - Deselected file: 20251017-2.s1p
2025-10-21 11:25:35 - __main__ - INFO - Selected file: 20251017-1.s1p
2025-10-21 11:25:36 - __main__ - INFO - Deselected file: 20251017-1.s1p
2025-10-21 11:26:18 - root - INFO - Logging initialized - Level: INFO
2025-10-21 11:26:18 - root - INFO - Log file: logs\snp_processor.log
2025-10-21 11:26:18 - __main__ - INFO - Starting SNP Data Processor v1.0.0
2025-10-21 11:26:18 - __main__ - INFO - Main window created successfully
2025-10-21 11:26:18 - __main__ - INFO - Application started successfully
2025-10-21 11:26:23 - __main__ - INFO - Application closing
2025-10-21 11:26:47 - data.s1p_loader - INFO - Loading S1P file: C:\Users\gents\1.University\Laboratory\research\result\NetworkAnalyzer\20251017VNA\20251017-1.s1p
2025-10-21 11:26:47 - data.s1p_loader - INFO - Successfully loaded S1P file with 10000 data points
2025-10-21 11:26:47 - __main__ - INFO - Loaded S1P file: 20251017-1.s1p
2025-10-21 11:26:47 - data.s1p_loader - INFO - Loading S1P file: C:\Users\gents\1.University\Laboratory\research\result\NetworkAnalyzer\20251017VNA\20251017-2.s1p
2025-10-21 11:26:47 - data.s1p_loader - INFO - Successfully loaded S1P file with 10000 data points
2025-10-21 11:26:47 - __main__ - INFO - Loaded S1P file: 20251017-2.s1p
2025-10-21 11:26:47 - data.s1p_loader - INFO - Loading S1P file: C:\Users\gents\1.University\Laboratory\research\result\NetworkAnalyzer\20251017VNA\20251017-3.s1p
2025-10-21 11:26:47 - data.s1p_loader - INFO - Successfully loaded S1P file with 10000 data points
2025-10-21 11:26:47 - __main__ - INFO - Loaded S1P file: 20251017-3.s1p
2025-10-21 11:26:49 - __main__ - INFO - Import completed: 3/3 files loaded
2025-10-21 11:26:58 - visualization.difference_plots - INFO - Created S1P magnitude difference plot
2025-10-21 11:26:58 - visualization.difference_plots - INFO - Plot embedded in Tkinter frame
2025-10-21 11:26:58 - __main__ - INFO - Successfully created difference plot: S1P Difference: 20251017-1.s1p - 20251017-2.s1p
2025-10-21 12:32:56 - __main__ - INFO - Selected file: 20251017-1.s1p
2025-10-21 12:32:59 - __main__ - INFO - Deselected file: 20251017-1.s1p
2025-10-21 12:38:29 - __main__ - INFO - Application closing
2025-10-21 12:38:54 - data.dat_loader - INFO - Loading DAT file: 20251017-1-20251017(13h28m27s).dat
2025-10-21 12:38:54 - data.dat_loader - INFO - Read DAT file: 72 rows, 6 columns
2025-10-21 12:38:54 - data.dat_loader - INFO - Data processing completed
2025-10-21 12:38:54 - data.dat_loader - INFO - Successfully loaded DAT file with 72 data points
2025-10-21 12:38:54 - __main__ - INFO - Loaded DAT file: 20251017-1-20251017(13h28m27s).dat
2025-10-21 12:38:54 - data.dat_loader - INFO - Loading DAT file: 20251017-2-20251017(13h32m31s).dat
2025-10-21 12:38:54 - data.dat_loader - INFO - Read DAT file: 72 rows, 6 columns
2025-10-21 12:38:54 - data.dat_loader - INFO - Data processing completed
2025-10-21 12:38:54 - data.dat_loader - INFO - Successfully loaded DAT file with 72 data points
2025-10-21 12:38:54 - __main__ - INFO - Loaded DAT file: 20251017-2-20251017(13h32m31s).dat
2025-10-21 12:38:54 - data.dat_loader - INFO - Loading DAT file: 20251017-3-20251017(13h35m21s).dat
2025-10-21 12:38:54 - data.dat_loader - INFO - Read DAT file: 72 rows, 6 columns
2025-10-21 12:38:54 - data.dat_loader - INFO - Data processing completed
2025-10-21 12:38:54 - data.dat_loader - INFO - Successfully loaded DAT file with 72 data points
2025-10-21 12:38:54 - __main__ - INFO - Loaded DAT file: 20251017-3-20251017(13h35m21s).dat
2025-10-21 12:38:56 - __main__ - INFO - Import completed: 3/3 files loaded
2025-10-21 12:50:06 - __main__ - INFO - Selected file: 20251017-1.s1p
2025-10-21 12:50:08 - __main__ - INFO - Selected file: 20251017-2.s1p
2025-10-21 12:50:09 - __main__ - INFO - Selected file: 20251017-3.s1p
2025-10-21 12:50:11 - __main__ - INFO - Creating overlaid graph for 3 S1P files
2025-10-21 12:50:14 - visualization.s1p_plots - INFO - Created overlaid S11 magnitude plot for 3 files
2025-10-21 12:50:14 - visualization.s1p_plots - INFO - Plot embedded in Tkinter frame
2025-10-21 12:50:14 - __main__ - INFO - Successfully created magnitude overlay plot for files: 20251017-1.s1p, 20251017-2.s1p, 20251017-3.s1p
2025-10-21 16:11:38 - __main__ - INFO - Application closing
